<?xml version="1.0" encoding="UTF-8"?>
<!-- Generated by org.testng.reporters.JUnitReportReporter -->
<testsuite hostname="Gayathri" failures="0" tests="1" name="testRunner.Runner" time="10.634" errors="0" timestamp="09 Jul 2024 17:00:37 GMT" skipped="0">
  <testcase classname="testRunner.Runner" name="runScenario" time="10.634"/>
</testsuite> <!-- testRunner.Runner -->
